<?xml version="1.0" encoding="UTF-8"?>
<testsuite name="app.model.DLLMatrixTest" tests="1" skipped="0" failures="0" errors="0" timestamp="2020-05-31T16:31:52" hostname="daniel-Inspiron" time="0.002">
  <properties/>
  <testcase name="testIfDLLMatrixCreated" classname="app.model.DLLMatrixTest" time="0.002"/>
  <system-out><![CDATA[]]></system-out>
  <system-err><![CDATA[]]></system-err>
</testsuite>
